<?xml version="1.0" encoding="UTF-8"?>
<!-- Generated by org.testng.reporters.JUnitReportReporter -->
<testsuite skipped="0" hostname="Sneha-PC" name="com.iNetBanking.TestCases.TC_iNetBank_DDT_002" tests="6" failures="0" timestamp="2020-02-28T00:33:38 IST" time="35.421" errors="0">
  <testcase name="LoginDDT" time="7.271" classname="com.iNetBanking.TestCases.TC_iNetBank_DDT_002"/>
  <testcase name="LoginDDT" time="6.497" classname="com.iNetBanking.TestCases.TC_iNetBank_DDT_002"/>
  <testcase name="LoginDDT" time="2.913" classname="com.iNetBanking.TestCases.TC_iNetBank_DDT_002"/>
  <testcase name="LoginDDT" time="10.069" classname="com.iNetBanking.TestCases.TC_iNetBank_DDT_002"/>
  <testcase name="LoginDDT" time="4.434" classname="com.iNetBanking.TestCases.TC_iNetBank_DDT_002"/>
  <testcase name="LoginDDT" time="4.237" classname="com.iNetBanking.TestCases.TC_iNetBank_DDT_002"/>
</testsuite> <!-- com.iNetBanking.TestCases.TC_iNetBank_DDT_002 -->
