<?xml version="1.0" encoding="UTF-8"?>
<!-- Generated by org.testng.reporters.JUnitReportReporter -->
<testsuite skipped="0" hostname="Sneha-PC" name="com.iNetBanking.TestCases.TC_iNetBank_001" tests="1" failures="0" timestamp="2020-02-27T00:29:02 IST" time="2.695" errors="0">
  <testcase name="LoginTest" time="2.695" classname="com.iNetBanking.TestCases.TC_iNetBank_001"/>
</testsuite> <!-- com.iNetBanking.TestCases.TC_iNetBank_001 -->
