<?xml version="1.0" encoding="UTF-8"?>
<!-- Generated by org.testng.reporters.JUnitReportReporter -->
<testsuite skipped="0" hostname="Sneha-PC" name="com.iNetBanking.TestCases.TC_iNetBank_DDT_002" tests="6" failures="0" timestamp="05 Mar 2020 18:16:26 GMT" time="22.023" errors="0">
  <testcase name="LoginDDT" time="3.247" classname="com.iNetBanking.TestCases.TC_iNetBank_DDT_002"/>
  <testcase name="LoginDDT" time="2.161" classname="com.iNetBanking.TestCases.TC_iNetBank_DDT_002"/>
  <testcase name="LoginDDT" time="2.596" classname="com.iNetBanking.TestCases.TC_iNetBank_DDT_002"/>
  <testcase name="LoginDDT" time="4.627" classname="com.iNetBanking.TestCases.TC_iNetBank_DDT_002"/>
  <testcase name="LoginDDT" time="5.192" classname="com.iNetBanking.TestCases.TC_iNetBank_DDT_002"/>
  <testcase name="LoginDDT" time="4.200" classname="com.iNetBanking.TestCases.TC_iNetBank_DDT_002"/>
</testsuite> <!-- com.iNetBanking.TestCases.TC_iNetBank_DDT_002 -->
